<?xml version="1.0" encoding="UTF-8"?>
<testsuites name="TS-demo" time="923.606" tests="2" failures="1" errors="0">
   <testsuite name="TS-demo" tests="2" failures="1" errors="0" time="923.606" skipped="0" timestamp="2023-08-01 15:22:49" hostname="acer - anehsialan" id="Test Suites/TS-login/TS-demo">
      <properties>
         <property name="deviceName"/>
         <property name="devicePlatform" value="MAC"/>
         <property name="logFolder" value="C:\\Users\\acer\\git\\webuiproject\\Reports\\20230801_152238\\TS-login\\TS-demo\\20230801_152238"/>
         <property name="logFiles" value="C:\\Users\\acer\\git\\webuiproject\\Reports\\20230801_152238\\TS-login\\TS-demo\\20230801_152238\\execution0.log"/>
         <property name="attachments" value="C:\\Users\\acer\\git\\webuiproject\\Reports\\20230801_152238\\TS-login\\TS-demo\\20230801_152238\\1690878425465.png, C:\\Users\\acer\\git\\webuiproject\\Reports\\20230801_152238\\TS-login\\TS-demo\\20230801_152238\\1690878428681.png, C:\\Users\\acer\\git\\webuiproject\\Reports\\20230801_152238\\TS-login\\TS-demo\\20230801_152238\\1690878606445.png, C:\\Users\\acer\\git\\webuiproject\\Reports\\20230801_152238\\TS-login\\TS-demo\\20230801_152238\\1690878774954.png, C:\\Users\\acer\\git\\webuiproject\\Reports\\20230801_152238\\TS-login\\TS-demo\\20230801_152238\\1690878958268.png"/>
         <property name="hostName" value="acer - anehsialan"/>
         <property name="remoteDriverUrl" value="testcloud.katalon.com/hub"/>
         <property name="desiredCapabilities" value="{
  &quot;os&quot;: &quot;macos&quot;,
  &quot;safari:diagnose&quot;: false,
  &quot;strictFileInteractability&quot;: false,
  &quot;***:loadExtension&quot;: [
    &quot;https://prod-magicleap-user-files-us-east-1-v1.s3.amazonaws.com/extensions/orgId-691279/SmartWait.zip&quot;
  ],
  &quot;version&quot;: &quot;16&quot;,
  &quot;platform&quot;: &quot;MAC&quot;,
  &quot;proxy&quot;: {
    &quot;proxyType&quot;: &quot;DIRECT&quot;,
    &quot;autodetect&quot;: false
  },
  &quot;safari:automaticProfiling&quot;: false,
  &quot;webdriver.remote.sessionid&quot;: &quot;5D513378-902D-44C4-9859-EB9C92E1E28E&quot;,
  &quot;requestId&quot;: &quot;6ccb15e1-177d-40d5-a7b1-ea6572bb9c58&quot;,
  &quot;safari:platformBuildVersion&quot;: &quot;22A380&quot;,
  &quot;acceptInsecureCerts&quot;: false,
  &quot;browserVersion&quot;: &quot;16&quot;,
  &quot;safari:useSimulator&quot;: false,
  &quot;webkit:WebRTC&quot;: {
    &quot;DisableICECandidateFiltering&quot;: false,
    &quot;DisableInsecureMediaCapture&quot;: false
  },
  &quot;safari:platformVersion&quot;: &quot;13.0&quot;,
  &quot;browserName&quot;: &quot;Safari&quot;,
  &quot;javascriptEnabled&quot;: true,
  &quot;katalon:option&quot;: {
    &quot;unlimitedExecutionMinutes&quot;: true,
    &quot;userId&quot;: 1278024,
    &quot;organizationId&quot;: &quot;1221524&quot;,
    &quot;class&quot;: &quot;com.katalon.testcloud.grid.common.tunnel.domain.UserOptionCapability&quot;,
    &quot;runFromTestCloud&quot;: true,
    &quot;usingTunnel&quot;: false
  },
  &quot;safari:automaticInspection&quot;: false,
  &quot;platformName&quot;: &quot;MAC&quot;,
  &quot;setWindowRect&quot;: true
}"/>
         <property name="os" value="Windows 11 64bit"/>
         <property name="remoteOS" value="MacOS"/>
         <property name="katalonVersion" value="8.6.5.208"/>
         <property name="browser" value="Safari 16"/>
         <property name="hostAddress" value="192.168.221.170"/>
         <property name="sessionId" value="5D513378-902D-44C4-9859-EB9C92E1E28E"/>
         <property name="seleniumVersion" value="3.141.59"/>
         <property name="proxyInformation" value="ProxyInformation { proxyOption=NO_PROXY, proxyServerType=HTTP, username=, password=********, proxyServerAddress=, proxyServerPort=0, executionList=&quot;&quot;, isApplyToDesiredCapabilities=true }"/>
         <property name="platform" value="Windows 11"/>
      </properties>
      <testcase name="Test Cases/yg lain/Booking" time="182.292" classname="Test Cases/yg lain/Booking" status="FAILED">
         <failure type="FAILED" message="Test Cases/yg lain/Booking FAILED.
Reason:
com.kms.katalon.core.exception.StepFailedException: Unable to right click on object 'Object Repository/Booking/Page_CURA Healthcare Service/a_Go to Homepage'
	at com.kms.katalon.core.webui.keyword.internal.WebUIKeywordMain.stepFailed(WebUIKeywordMain.groovy:64)
	at com.kms.katalon.core.webui.keyword.internal.WebUIKeywordMain.runKeyword(WebUIKeywordMain.groovy:26)
	at com.kms.katalon.core.webui.keyword.builtin.RightClickKeyword.rightClick(RightClickKeyword.groovy:87)
	at com.kms.katalon.core.webui.keyword.builtin.RightClickKeyword.execute(RightClickKeyword.groovy:67)
	at com.kms.katalon.core.keyword.internal.KeywordExecutor.executeKeywordForPlatform(KeywordExecutor.groovy:74)
	at com.kms.katalon.core.webui.keyword.WebUiBuiltInKeywords.rightClick(WebUiBuiltInKeywords.groovy:752)
	at com.kms.katalon.core.webui.keyword.WebUiBuiltInKeywords$rightClick$6.call(Unknown Source)
	at Booking.run(Booking:36)
	at com.kms.katalon.core.main.ScriptEngine.run(ScriptEngine.java:194)
	at com.kms.katalon.core.main.ScriptEngine.runScriptAsRawText(ScriptEngine.java:119)
	at com.kms.katalon.core.main.TestCaseExecutor.runScript(TestCaseExecutor.java:448)
	at com.kms.katalon.core.main.TestCaseExecutor.doExecute(TestCaseExecutor.java:439)
	at com.kms.katalon.core.main.TestCaseExecutor.processExecutionPhase(TestCaseExecutor.java:418)
	at com.kms.katalon.core.main.TestCaseExecutor.accessMainPhase(TestCaseExecutor.java:410)
	at com.kms.katalon.core.main.TestCaseExecutor.execute(TestCaseExecutor.java:285)
	at com.kms.katalon.core.main.TestCaseExecutor.execute(TestCaseExecutor.java:369)
	at com.kms.katalon.core.main.TestCaseExecutor.execute(TestCaseExecutor.java:369)
	at com.kms.katalon.core.main.TestCaseExecutor.execute(TestCaseExecutor.java:369)
	at com.kms.katalon.core.common.CommonExecutor.accessTestCaseMainPhase(CommonExecutor.java:65)
	at com.kms.katalon.core.main.TestSuiteExecutor.accessTestSuiteMainPhase(TestSuiteExecutor.java:148)
	at com.kms.katalon.core.main.TestSuiteExecutor.execute(TestSuiteExecutor.java:106)
	at com.kms.katalon.core.main.TestCaseMain.startTestSuite(TestCaseMain.java:187)
	at com.kms.katalon.core.main.TestCaseMain$startTestSuite$0.call(Unknown Source)
	at TempTestSuite1690878158238.run(TempTestSuite1690878158238.groovy:36)
Caused by: org.openqa.selenium.interactions.MoveTargetOutOfBoundsException: 
Build info: version: '3.141.59', revision: 'e82be7d358', time: '2018-11-14T08:25:53'
System info: host: 'ANEHSIALAN', ip: '192.168.221.170', os.name: 'Windows 11', os.arch: 'amd64', os.version: '10.0', java.version: '1.8.0_362'
Driver info: com.kms.katalon.selenium.driver.CRemoteWebDriver
Capabilities {LT:Options: {build: TestCloud Automated Test Se..., w3c: true}, acceptInsecureCerts: false, browserName: Safari, browserVersion: 16.1, javascriptEnabled: true, katalon:option: {apiKey: null, class: com.katalon.testcloud.grid...., deviceId: null, deviceVersion: null, group: null, organizationId: 1221524, runFromTestCloud: true, teamId: null, tenant: null, tunnelMetadataId: null, unlimitedExecutionMinutes: true, userId: 1278024, usingTunnel: false}, lambda:loadExtension: [https://prod-magicleap-user...], platform: MAC, platformName: MAC, proxy: Proxy(direct), requestId: c032a415-cfad-4c75-a183-18c..., safari:automaticInspection: false, safari:automaticProfiling: false, safari:diagnose: false, safari:platformBuildVersion: 22A380, safari:platformVersion: 13.0, safari:useSimulator: false, setWindowRect: true, strictFileInteractability: false, version: 16, webdriver.remote.sessionid: AB8265E8-1A4D-49D2-B40F-ABA..., webkit:WebRTC: {DisableICECandidateFiltering: false, DisableInsecureMediaCapture: false}}
Session ID: AB8265E8-1A4D-49D2-B40F-ABA1E77D6685
	at org.openqa.selenium.remote.http.W3CHttpResponseCodec.createException(W3CHttpResponseCodec.java:187)
	at org.openqa.selenium.remote.http.W3CHttpResponseCodec.decode(W3CHttpResponseCodec.java:122)
	at org.openqa.selenium.remote.http.W3CHttpResponseCodec.decode(W3CHttpResponseCodec.java:49)
	at org.openqa.selenium.remote.HttpCommandExecutor.execute(HttpCommandExecutor.java:158)
	at org.openqa.selenium.remote.RemoteWebDriver.execute(RemoteWebDriver.java:552)
	at com.kms.katalon.selenium.driver.CRemoteWebDriver.execute(CRemoteWebDriver.java:30)
	at org.openqa.selenium.remote.RemoteWebDriver.perform(RemoteWebDriver.java:618)
	at org.openqa.selenium.support.events.EventFiringWebDriver.lambda$new$1(EventFiringWebDriver.java:105)
	at com.sun.proxy.$Proxy10.perform(Unknown Source)
	at org.openqa.selenium.support.events.EventFiringWebDriver.perform(EventFiringWebDriver.java:360)
	at org.openqa.selenium.interactions.Actions$BuiltAction.perform(Actions.java:639)
	at com.kms.katalon.core.webui.keyword.builtin.RightClickKeyword$_rightClick_closure1.doCall(RightClickKeyword.groovy:80)
	at com.kms.katalon.core.webui.keyword.builtin.RightClickKeyword$_rightClick_closure1.call(RightClickKeyword.groovy)
	at com.kms.katalon.core.webui.keyword.internal.WebUIKeywordMain.runKeyword(WebUIKeywordMain.groovy:20)
	... 22 more
"/>
         <system-out><![CDATA[2023-08-01 15:33:04 - [TEST_CASE][FAILED] - Test Cases/yg lain/Booking: Test Cases/yg lain/Booking FAILED.
Reason:
com.kms.katalon.core.exception.StepFailedException: Unable to right click on object 'Object Repository/Booking/Page_CURA Healthcare Service/a_Go to Homepage'
	at com.kms.katalon.core.webui.keyword.internal.WebUIKeywordMain.stepFailed(WebUIKeywordMain.groovy:64)
	at com.kms.katalon.core.webui.keyword.internal.WebUIKeywordMain.runKeyword(WebUIKeywordMain.groovy:26)
	at com.kms.katalon.core.webui.keyword.builtin.RightClickKeyword.rightClick(RightClickKeyword.groovy:87)
	at com.kms.katalon.core.webui.keyword.builtin.RightClickKeyword.execute(RightClickKeyword.groovy:67)
	at com.kms.katalon.core.keyword.internal.KeywordExecutor.executeKeywordForPlatform(KeywordExecutor.groovy:74)
	at com.kms.katalon.core.webui.keyword.WebUiBuiltInKeywords.rightClick(WebUiBuiltInKeywords.groovy:752)
	at com.kms.katalon.core.webui.keyword.WebUiBuiltInKeywords$rightClick$6.call(Unknown Source)
	at Booking.run(Booking:36)
	at com.kms.katalon.core.main.ScriptEngine.run(ScriptEngine.java:194)
	at com.kms.katalon.core.main.ScriptEngine.runScriptAsRawText(ScriptEngine.java:119)
	at com.kms.katalon.core.main.TestCaseExecutor.runScript(TestCaseExecutor.java:448)
	at com.kms.katalon.core.main.TestCaseExecutor.doExecute(TestCaseExecutor.java:439)
	at com.kms.katalon.core.main.TestCaseExecutor.processExecutionPhase(TestCaseExecutor.java:418)
	at com.kms.katalon.core.main.TestCaseExecutor.accessMainPhase(TestCaseExecutor.java:410)
	at com.kms.katalon.core.main.TestCaseExecutor.execute(TestCaseExecutor.java:285)
	at com.kms.katalon.core.main.TestCaseExecutor.execute(TestCaseExecutor.java:369)
	at com.kms.katalon.core.main.TestCaseExecutor.execute(TestCaseExecutor.java:369)
	at com.kms.katalon.core.main.TestCaseExecutor.execute(TestCaseExecutor.java:369)
	at com.kms.katalon.core.common.CommonExecutor.accessTestCaseMainPhase(CommonExecutor.java:65)
	at com.kms.katalon.core.main.TestSuiteExecutor.accessTestSuiteMainPhase(TestSuiteExecutor.java:148)
	at com.kms.katalon.core.main.TestSuiteExecutor.execute(TestSuiteExecutor.java:106)
	at com.kms.katalon.core.main.TestCaseMain.startTestSuite(TestCaseMain.java:187)
	at com.kms.katalon.core.main.TestCaseMain$startTestSuite$0.call(Unknown Source)
	at TempTestSuite1690878158238.run(TempTestSuite1690878158238.groovy:36)
Caused by: org.openqa.selenium.interactions.MoveTargetOutOfBoundsException: 
Build info: version: '3.141.59', revision: 'e82be7d358', time: '2018-11-14T08:25:53'
System info: host: 'ANEHSIALAN', ip: '192.168.221.170', os.name: 'Windows 11', os.arch: 'amd64', os.version: '10.0', java.version: '1.8.0_362'
Driver info: com.kms.katalon.selenium.driver.CRemoteWebDriver
Capabilities {LT:Options: {build: TestCloud Automated Test Se..., w3c: true}, acceptInsecureCerts: false, browserName: Safari, browserVersion: 16.1, javascriptEnabled: true, katalon:option: {apiKey: null, class: com.katalon.testcloud.grid...., deviceId: null, deviceVersion: null, group: null, organizationId: 1221524, runFromTestCloud: true, teamId: null, tenant: null, tunnelMetadataId: null, unlimitedExecutionMinutes: true, userId: 1278024, usingTunnel: false}, lambda:loadExtension: [https://prod-magicleap-user...], platform: MAC, platformName: MAC, proxy: Proxy(direct), requestId: c032a415-cfad-4c75-a183-18c..., safari:automaticInspection: false, safari:automaticProfiling: false, safari:diagnose: false, safari:platformBuildVersion: 22A380, safari:platformVersion: 13.0, safari:useSimulator: false, setWindowRect: true, strictFileInteractability: false, version: 16, webdriver.remote.sessionid: AB8265E8-1A4D-49D2-B40F-ABA..., webkit:WebRTC: {DisableICECandidateFiltering: false, DisableInsecureMediaCapture: false}}
Session ID: AB8265E8-1A4D-49D2-B40F-ABA1E77D6685
	at org.openqa.selenium.remote.http.W3CHttpResponseCodec.createException(W3CHttpResponseCodec.java:187)
	at org.openqa.selenium.remote.http.W3CHttpResponseCodec.decode(W3CHttpResponseCodec.java:122)
	at org.openqa.selenium.remote.http.W3CHttpResponseCodec.decode(W3CHttpResponseCodec.java:49)
	at org.openqa.selenium.remote.HttpCommandExecutor.execute(HttpCommandExecutor.java:158)
	at org.openqa.selenium.remote.RemoteWebDriver.execute(RemoteWebDriver.java:552)
	at com.kms.katalon.selenium.driver.CRemoteWebDriver.execute(CRemoteWebDriver.java:30)
	at org.openqa.selenium.remote.RemoteWebDriver.perform(RemoteWebDriver.java:618)
	at org.openqa.selenium.support.events.EventFiringWebDriver.lambda$new$1(EventFiringWebDriver.java:105)
	at com.sun.proxy.$Proxy10.perform(Unknown Source)
	at org.openqa.selenium.support.events.EventFiringWebDriver.perform(EventFiringWebDriver.java:360)
	at org.openqa.selenium.interactions.Actions$BuiltAction.perform(Actions.java:639)
	at com.kms.katalon.core.webui.keyword.builtin.RightClickKeyword$_rightClick_closure1.doCall(RightClickKeyword.groovy:80)
	at com.kms.katalon.core.webui.keyword.builtin.RightClickKeyword$_rightClick_closure1.call(RightClickKeyword.groovy)
	at com.kms.katalon.core.webui.keyword.internal.WebUIKeywordMain.runKeyword(WebUIKeywordMain.groovy:20)
	... 22 more


2023-08-01 15:33:04 - [TEST_STEP][PASSED] - callTestCase(findTestCase("yg lain/Login"), [:], STOP_ON_FAILURE): Call Test Case 'Test Cases/yg lain/Login' successfully

2023-08-01 15:33:04 - [TEST_CASE][PASSED] - Test Cases/yg lain/Login: Test Cases/yg lain/Login

2023-08-01 15:33:04 - [TEST_STEP][PASSED] - openBrowser(""): Browser is opened with url: ''

2023-08-01 15:33:04 - [MESSAGE][WARNING] - A browser is already opened. Closing browser and opening a new one

2023-08-01 15:33:05 - [MESSAGE][INFO] - User set preference: ['os', 'macos']

2023-08-01 15:33:05 - [MESSAGE][INFO] - User set preference: ['browserName', 'safari']

2023-08-01 15:33:05 - [MESSAGE][INFO] - User set preference: ['browserVersion', '16']

2023-08-01 15:33:05 - [MESSAGE][INFO] - User set preference: ['katalon:option', '{organizationId=1221524, tunnelId=, usingTunnel=false}']

2023-08-01 15:33:05 - [MESSAGE][INFO] - Connecting to remote web server 'testcloud.katalon.com/hub' with type 'Selenium'

2023-08-01 15:33:05 - [MESSAGE][INFO] - Action delay is set to 1,000 milliseconds

2023-08-01 15:34:00 - [MESSAGE][PASSED] - Browser is opened with url: ''

2023-08-01 15:34:00 - [TEST_STEP][PASSED] - navigateToUrl("https://katalon-demo-cura.herokuapp.com/"): Navigate to 'https://katalon-demo-cura.herokuapp.com/' successfully

2023-08-01 15:34:03 - [MESSAGE][PASSED] - Navigate to 'https://katalon-demo-cura.herokuapp.com/' successfully

2023-08-01 15:34:03 - [TEST_STEP][PASSED] - click(findTestObject("Object Repository/Login-demo/Page_CURA Healthcare Service/h1_CURA Healthcare Service")): Object: 'Object Repository/Login-demo/Page_CURA Healthcare Service/h1_CURA Healthcare Service' is clicked on

2023-08-01 15:34:08 - [MESSAGE][PASSED] - Object: 'Object Repository/Login-demo/Page_CURA Healthcare Service/h1_CURA Healthcare Service' is clicked on

2023-08-01 15:34:08 - [TEST_STEP][PASSED] - click(findTestObject("Object Repository/Login-demo/Page_CURA Healthcare Service/a_Make Appointment")): Object: 'Object Repository/Login-demo/Page_CURA Healthcare Service/a_Make Appointment' is clicked on

2023-08-01 15:34:14 - [MESSAGE][PASSED] - Object: 'Object Repository/Login-demo/Page_CURA Healthcare Service/a_Make Appointment' is clicked on

2023-08-01 15:34:14 - [TEST_STEP][PASSED] - setText(findTestObject("Object Repository/Login-demo/Page_CURA Healthcare Service/input_Username_username"), "John Doe"): Text 'John Doe' is set on object 'Object Repository/Login-demo/Page_CURA Healthcare Service/input_Username_username'

2023-08-01 15:34:23 - [MESSAGE][PASSED] - Text 'John Doe' is set on object 'Object Repository/Login-demo/Page_CURA Healthcare Service/input_Username_username'

2023-08-01 15:34:23 - [TEST_STEP][PASSED] - setEncryptedText(findTestObject("Object Repository/Login-demo/Page_CURA Healthcare Service/input_Password_password"), "g3/DOGG74jC3Flrr3yH+3D/yKbOqqUNM"): Text ****** has been set on object 'Object Repository/Login-demo/Page_CURA Healthcare Service/input_Password_password'

2023-08-01 15:34:30 - [MESSAGE][PASSED] - Text ****** has been set on object 'Object Repository/Login-demo/Page_CURA Healthcare Service/input_Password_password'

2023-08-01 15:34:30 - [TEST_STEP][PASSED] - click(findTestObject("Object Repository/Login-demo/Page_CURA Healthcare Service/button_Login")): Object: 'Object Repository/Login-demo/Page_CURA Healthcare Service/button_Login' is clicked on

2023-08-01 15:34:35 - [MESSAGE][PASSED] - Object: 'Object Repository/Login-demo/Page_CURA Healthcare Service/button_Login' is clicked on

2023-08-01 15:34:35 - [TEST_STEP][PASSED] - getText(findTestObject("Page_CURA Healthcare Service/h2_Make Appointment")): Text of object 'Object Repository/Page_CURA Healthcare Service/h2_Make Appointment' is: 'Make Appointment'

2023-08-01 15:34:38 - [MESSAGE][PASSED] - Text of object 'Object Repository/Page_CURA Healthcare Service/h2_Make Appointment' is: 'Make Appointment'

2023-08-01 15:34:38 - [TEST_STEP][PASSED] - click(findTestObject("Object Repository/Login-demo/Page_CURA Healthcare Service/a_CURA Healthcare_menu-toggle")): Object: 'Object Repository/Login-demo/Page_CURA Healthcare Service/a_CURA Healthcare_menu-toggle' is clicked on

2023-08-01 15:34:43 - [MESSAGE][PASSED] - Object: 'Object Repository/Login-demo/Page_CURA Healthcare Service/a_CURA Healthcare_menu-toggle' is clicked on

2023-08-01 15:34:43 - [TEST_STEP][PASSED] - verifyElementPresent(findTestObject("Object Repository/Login-demo/Page_CURA Healthcare Service/a_Logout"), 0): Object 'Object Repository/Login-demo/Page_CURA Healthcare Service/a_Logout' is present

2023-08-01 15:34:43 - [MESSAGE][WARNING] - Timeout '0' is invalid. Using default page load timeout: '30'

2023-08-01 15:34:46 - [MESSAGE][PASSED] - Object 'Object Repository/Login-demo/Page_CURA Healthcare Service/a_Logout' is present

2023-08-01 15:34:46 - [MESSAGE][PASSED] - Call Test Case 'Test Cases/yg lain/Login' successfully

2023-08-01 15:34:46 - [TEST_STEP][PASSED] - click(findTestObject("Object Repository/Booking/Page_CURA Healthcare Service/label_Apply for hospital readmission")): Object: 'Object Repository/Booking/Page_CURA Healthcare Service/label_Apply for hospital readmission' is clicked on

2023-08-01 15:34:51 - [MESSAGE][PASSED] - Object: 'Object Repository/Booking/Page_CURA Healthcare Service/label_Apply for hospital readmission' is clicked on

2023-08-01 15:34:51 - [TEST_STEP][PASSED] - click(findTestObject("Object Repository/Booking/Page_CURA Healthcare Service/label_Medicaid")): Object: 'Object Repository/Booking/Page_CURA Healthcare Service/label_Medicaid' is clicked on

2023-08-01 15:34:55 - [MESSAGE][PASSED] - Object: 'Object Repository/Booking/Page_CURA Healthcare Service/label_Medicaid' is clicked on

2023-08-01 15:34:55 - [TEST_STEP][PASSED] - click(findTestObject("Object Repository/Booking/Page_CURA Healthcare Service/input_Visit Date (Required)_visit_date")): Object: 'Object Repository/Booking/Page_CURA Healthcare Service/input_Visit Date (Required)_visit_date' is clicked on

2023-08-01 15:35:00 - [MESSAGE][PASSED] - Object: 'Object Repository/Booking/Page_CURA Healthcare Service/input_Visit Date (Required)_visit_date' is clicked on

2023-08-01 15:35:00 - [TEST_STEP][PASSED] - click(findTestObject("Object Repository/Booking/Page_CURA Healthcare Service/td_3")): Object: 'Object Repository/Booking/Page_CURA Healthcare Service/td_3' is clicked on

2023-08-01 15:35:05 - [MESSAGE][PASSED] - Object: 'Object Repository/Booking/Page_CURA Healthcare Service/td_3' is clicked on

2023-08-01 15:35:05 - [TEST_STEP][PASSED] - setText(findTestObject("Object Repository/Booking/Page_CURA Healthcare Service/textarea_Comment_comment"), "Aku sakit hati tapi pacarku cantik dan baik"): Text 'Aku sakit hati tapi pacarku cantik dan baik' is set on object 'Object Repository/Booking/Page_CURA Healthcare Service/textarea_Comment_comment'

2023-08-01 15:35:15 - [MESSAGE][PASSED] - Text 'Aku sakit hati tapi pacarku cantik dan baik' is set on object 'Object Repository/Booking/Page_CURA Healthcare Service/textarea_Comment_comment'

2023-08-01 15:35:15 - [TEST_STEP][PASSED] - click(findTestObject("Object Repository/Booking/Page_CURA Healthcare Service/button_Book Appointment")): Object: 'Object Repository/Booking/Page_CURA Healthcare Service/button_Book Appointment' is clicked on

2023-08-01 15:35:20 - [MESSAGE][PASSED] - Object: 'Object Repository/Booking/Page_CURA Healthcare Service/button_Book Appointment' is clicked on

2023-08-01 15:35:20 - [TEST_STEP][PASSED] - navigateToUrl("https://katalon-demo-cura.herokuapp.com/appointment.php#summary"): Navigate to 'https://katalon-demo-cura.herokuapp.com/appointment.php#summary' successfully

2023-08-01 15:35:22 - [MESSAGE][PASSED] - Navigate to 'https://katalon-demo-cura.herokuapp.com/appointment.php#summary' successfully

2023-08-01 15:35:22 - [TEST_STEP][FAILED] - rightClick(findTestObject("Object Repository/Booking/Page_CURA Healthcare Service/a_Go to Homepage")): Unable to right click on object 'Object Repository/Booking/Page_CURA Healthcare Service/a_Go to Homepage' (Root cause: com.kms.katalon.core.exception.StepFailedException: Unable to right click on object 'Object Repository/Booking/Page_CURA Healthcare Service/a_Go to Homepage'
	at com.kms.katalon.core.webui.keyword.internal.WebUIKeywordMain.stepFailed(WebUIKeywordMain.groovy:64)
	at com.kms.katalon.core.webui.keyword.internal.WebUIKeywordMain.runKeyword(WebUIKeywordMain.groovy:26)
	at com.kms.katalon.core.webui.keyword.builtin.RightClickKeyword.rightClick(RightClickKeyword.groovy:87)
	at com.kms.katalon.core.webui.keyword.builtin.RightClickKeyword.execute(RightClickKeyword.groovy:67)
	at com.kms.katalon.core.keyword.internal.KeywordExecutor.executeKeywordForPlatform(KeywordExecutor.groovy:74)
	at com.kms.katalon.core.webui.keyword.WebUiBuiltInKeywords.rightClick(WebUiBuiltInKeywords.groovy:752)
	at com.kms.katalon.core.webui.keyword.WebUiBuiltInKeywords$rightClick$6.call(Unknown Source)
	at Booking.run(Booking:36)
	at com.kms.katalon.core.main.ScriptEngine.run(ScriptEngine.java:194)
	at com.kms.katalon.core.main.ScriptEngine.runScriptAsRawText(ScriptEngine.java:119)
	at com.kms.katalon.core.main.TestCaseExecutor.runScript(TestCaseExecutor.java:448)
	at com.kms.katalon.core.main.TestCaseExecutor.doExecute(TestCaseExecutor.java:439)
	at com.kms.katalon.core.main.TestCaseExecutor.processExecutionPhase(TestCaseExecutor.java:418)
	at com.kms.katalon.core.main.TestCaseExecutor.accessMainPhase(TestCaseExecutor.java:410)
	at com.kms.katalon.core.main.TestCaseExecutor.execute(TestCaseExecutor.java:285)
	at com.kms.katalon.core.main.TestCaseExecutor.execute(TestCaseExecutor.java:369)
	at com.kms.katalon.core.main.TestCaseExecutor.execute(TestCaseExecutor.java:369)
	at com.kms.katalon.core.main.TestCaseExecutor.execute(TestCaseExecutor.java:369)
	at com.kms.katalon.core.common.CommonExecutor.accessTestCaseMainPhase(CommonExecutor.java:65)
	at com.kms.katalon.core.main.TestSuiteExecutor.accessTestSuiteMainPhase(TestSuiteExecutor.java:148)
	at com.kms.katalon.core.main.TestSuiteExecutor.execute(TestSuiteExecutor.java:106)
	at com.kms.katalon.core.main.TestCaseMain.startTestSuite(TestCaseMain.java:187)
	at com.kms.katalon.core.main.TestCaseMain$startTestSuite$0.call(Unknown Source)
	at TempTestSuite1690878158238.run(TempTestSuite1690878158238.groovy:36)
Caused by: org.openqa.selenium.interactions.MoveTargetOutOfBoundsException: 
Build info: version: '3.141.59', revision: 'e82be7d358', time: '2018-11-14T08:25:53'
System info: host: 'ANEHSIALAN', ip: '192.168.221.170', os.name: 'Windows 11', os.arch: 'amd64', os.version: '10.0', java.version: '1.8.0_362'
Driver info: com.kms.katalon.selenium.driver.CRemoteWebDriver
Capabilities {LT:Options: {build: TestCloud Automated Test Se..., w3c: true}, acceptInsecureCerts: false, browserName: Safari, browserVersion: 16.1, javascriptEnabled: true, katalon:option: {apiKey: null, class: com.katalon.testcloud.grid...., deviceId: null, deviceVersion: null, group: null, organizationId: 1221524, runFromTestCloud: true, teamId: null, tenant: null, tunnelMetadataId: null, unlimitedExecutionMinutes: true, userId: 1278024, usingTunnel: false}, lambda:loadExtension: [https://prod-magicleap-user...], platform: MAC, platformName: MAC, proxy: Proxy(direct), requestId: c032a415-cfad-4c75-a183-18c..., safari:automaticInspection: false, safari:automaticProfiling: false, safari:diagnose: false, safari:platformBuildVersion: 22A380, safari:platformVersion: 13.0, safari:useSimulator: false, setWindowRect: true, strictFileInteractability: false, version: 16, webdriver.remote.sessionid: AB8265E8-1A4D-49D2-B40F-ABA..., webkit:WebRTC: {DisableICECandidateFiltering: false, DisableInsecureMediaCapture: false}}
Session ID: AB8265E8-1A4D-49D2-B40F-ABA1E77D6685
	at org.openqa.selenium.remote.http.W3CHttpResponseCodec.createException(W3CHttpResponseCodec.java:187)
	at org.openqa.selenium.remote.http.W3CHttpResponseCodec.decode(W3CHttpResponseCodec.java:122)
	at org.openqa.selenium.remote.http.W3CHttpResponseCodec.decode(W3CHttpResponseCodec.java:49)
	at org.openqa.selenium.remote.HttpCommandExecutor.execute(HttpCommandExecutor.java:158)
	at org.openqa.selenium.remote.RemoteWebDriver.execute(RemoteWebDriver.java:552)
	at com.kms.katalon.selenium.driver.CRemoteWebDriver.execute(CRemoteWebDriver.java:30)
	at org.openqa.selenium.remote.RemoteWebDriver.perform(RemoteWebDriver.java:618)
	at org.openqa.selenium.support.events.EventFiringWebDriver.lambda$new$1(EventFiringWebDriver.java:105)
	at com.sun.proxy.$Proxy10.perform(Unknown Source)
	at org.openqa.selenium.support.events.EventFiringWebDriver.perform(EventFiringWebDriver.java:360)
	at org.openqa.selenium.interactions.Actions$BuiltAction.perform(Actions.java:639)
	at com.kms.katalon.core.webui.keyword.builtin.RightClickKeyword$_rightClick_closure1.doCall(RightClickKeyword.groovy:80)
	at com.kms.katalon.core.webui.keyword.builtin.RightClickKeyword$_rightClick_closure1.call(RightClickKeyword.groovy)
	at com.kms.katalon.core.webui.keyword.internal.WebUIKeywordMain.runKeyword(WebUIKeywordMain.groovy:20)
	at com.kms.katalon.core.webui.keyword.builtin.RightClickKeyword.rightClick(RightClickKeyword.groovy:87)
	at com.kms.katalon.core.webui.keyword.builtin.RightClickKeyword.execute(RightClickKeyword.groovy:67)
	at com.kms.katalon.core.keyword.internal.KeywordExecutor.executeKeywordForPlatform(KeywordExecutor.groovy:74)
	at com.kms.katalon.core.webui.keyword.WebUiBuiltInKeywords.rightClick(WebUiBuiltInKeywords.groovy:752)
	at com.kms.katalon.core.webui.keyword.WebUiBuiltInKeywords$rightClick$6.call(Unknown Source)
	at Script1690585124305.run(Script1690585124305.groovy:36)
	... 16 more
)

2023-08-01 15:35:54 - [MESSAGE][INFO] - Unable to find the element located by 'By.xpath: //section[@id='summary']/div/div/div[7]/p/a'. Please recheck the objects properties to make sure the desired element is located. 

2023-08-01 15:35:54 - [MESSAGE][WARNING] - [SELF-HEALING] Failed to find element with id 'Object Repository/Booking/Page_CURA Healthcare Service/a_Go to Homepage'. Try using Self-healing.

2023-08-01 15:35:56 - [MESSAGE][WARNING] - [SELF-HEALING] The current locator of test object 'Object Repository/Booking/Page_CURA Healthcare Service/a_Go to Homepage' was broken. Propose an alternative one: '(.//*[normalize-space(text()) and normalize-space(.)='Comment'])[1]/following::a[1]'.

2023-08-01 15:36:06 - [MESSAGE][FAILED] - Unable to right click on object 'Object Repository/Booking/Page_CURA Healthcare Service/a_Go to Homepage' (Root cause: com.kms.katalon.core.exception.StepFailedException: Unable to right click on object 'Object Repository/Booking/Page_CURA Healthcare Service/a_Go to Homepage'
	at com.kms.katalon.core.webui.keyword.internal.WebUIKeywordMain.stepFailed(WebUIKeywordMain.groovy:64)
	at com.kms.katalon.core.webui.keyword.internal.WebUIKeywordMain.runKeyword(WebUIKeywordMain.groovy:26)
	at com.kms.katalon.core.webui.keyword.builtin.RightClickKeyword.rightClick(RightClickKeyword.groovy:87)
	at com.kms.katalon.core.webui.keyword.builtin.RightClickKeyword.execute(RightClickKeyword.groovy:67)
	at com.kms.katalon.core.keyword.internal.KeywordExecutor.executeKeywordForPlatform(KeywordExecutor.groovy:74)
	at com.kms.katalon.core.webui.keyword.WebUiBuiltInKeywords.rightClick(WebUiBuiltInKeywords.groovy:752)
	at com.kms.katalon.core.webui.keyword.WebUiBuiltInKeywords$rightClick$6.call(Unknown Source)
	at Booking.run(Booking:36)
	at com.kms.katalon.core.main.ScriptEngine.run(ScriptEngine.java:194)
	at com.kms.katalon.core.main.ScriptEngine.runScriptAsRawText(ScriptEngine.java:119)
	at com.kms.katalon.core.main.TestCaseExecutor.runScript(TestCaseExecutor.java:448)
	at com.kms.katalon.core.main.TestCaseExecutor.doExecute(TestCaseExecutor.java:439)
	at com.kms.katalon.core.main.TestCaseExecutor.processExecutionPhase(TestCaseExecutor.java:418)
	at com.kms.katalon.core.main.TestCaseExecutor.accessMainPhase(TestCaseExecutor.java:410)
	at com.kms.katalon.core.main.TestCaseExecutor.execute(TestCaseExecutor.java:285)
	at com.kms.katalon.core.main.TestCaseExecutor.execute(TestCaseExecutor.java:369)
	at com.kms.katalon.core.main.TestCaseExecutor.execute(TestCaseExecutor.java:369)
	at com.kms.katalon.core.main.TestCaseExecutor.execute(TestCaseExecutor.java:369)
	at com.kms.katalon.core.common.CommonExecutor.accessTestCaseMainPhase(CommonExecutor.java:65)
	at com.kms.katalon.core.main.TestSuiteExecutor.accessTestSuiteMainPhase(TestSuiteExecutor.java:148)
	at com.kms.katalon.core.main.TestSuiteExecutor.execute(TestSuiteExecutor.java:106)
	at com.kms.katalon.core.main.TestCaseMain.startTestSuite(TestCaseMain.java:187)
	at com.kms.katalon.core.main.TestCaseMain$startTestSuite$0.call(Unknown Source)
	at TempTestSuite1690878158238.run(TempTestSuite1690878158238.groovy:36)
Caused by: org.openqa.selenium.interactions.MoveTargetOutOfBoundsException: 
Build info: version: '3.141.59', revision: 'e82be7d358', time: '2018-11-14T08:25:53'
System info: host: 'ANEHSIALAN', ip: '192.168.221.170', os.name: 'Windows 11', os.arch: 'amd64', os.version: '10.0', java.version: '1.8.0_362'
Driver info: com.kms.katalon.selenium.driver.CRemoteWebDriver
Capabilities {LT:Options: {build: TestCloud Automated Test Se..., w3c: true}, acceptInsecureCerts: false, browserName: Safari, browserVersion: 16.1, javascriptEnabled: true, katalon:option: {apiKey: null, class: com.katalon.testcloud.grid...., deviceId: null, deviceVersion: null, group: null, organizationId: 1221524, runFromTestCloud: true, teamId: null, tenant: null, tunnelMetadataId: null, unlimitedExecutionMinutes: true, userId: 1278024, usingTunnel: false}, lambda:loadExtension: [https://prod-magicleap-user...], platform: MAC, platformName: MAC, proxy: Proxy(direct), requestId: c032a415-cfad-4c75-a183-18c..., safari:automaticInspection: false, safari:automaticProfiling: false, safari:diagnose: false, safari:platformBuildVersion: 22A380, safari:platformVersion: 13.0, safari:useSimulator: false, setWindowRect: true, strictFileInteractability: false, version: 16, webdriver.remote.sessionid: AB8265E8-1A4D-49D2-B40F-ABA..., webkit:WebRTC: {DisableICECandidateFiltering: false, DisableInsecureMediaCapture: false}}
Session ID: AB8265E8-1A4D-49D2-B40F-ABA1E77D6685
	at org.openqa.selenium.remote.http.W3CHttpResponseCodec.createException(W3CHttpResponseCodec.java:187)
	at org.openqa.selenium.remote.http.W3CHttpResponseCodec.decode(W3CHttpResponseCodec.java:122)
	at org.openqa.selenium.remote.http.W3CHttpResponseCodec.decode(W3CHttpResponseCodec.java:49)
	at org.openqa.selenium.remote.HttpCommandExecutor.execute(HttpCommandExecutor.java:158)
	at org.openqa.selenium.remote.RemoteWebDriver.execute(RemoteWebDriver.java:552)
	at com.kms.katalon.selenium.driver.CRemoteWebDriver.execute(CRemoteWebDriver.java:30)
	at org.openqa.selenium.remote.RemoteWebDriver.perform(RemoteWebDriver.java:618)
	at org.openqa.selenium.support.events.EventFiringWebDriver.lambda$new$1(EventFiringWebDriver.java:105)
	at com.sun.proxy.$Proxy10.perform(Unknown Source)
	at org.openqa.selenium.support.events.EventFiringWebDriver.perform(EventFiringWebDriver.java:360)
	at org.openqa.selenium.interactions.Actions$BuiltAction.perform(Actions.java:639)
	at com.kms.katalon.core.webui.keyword.builtin.RightClickKeyword$_rightClick_closure1.doCall(RightClickKeyword.groovy:80)
	at com.kms.katalon.core.webui.keyword.builtin.RightClickKeyword$_rightClick_closure1.call(RightClickKeyword.groovy)
	at com.kms.katalon.core.webui.keyword.internal.WebUIKeywordMain.runKeyword(WebUIKeywordMain.groovy:20)
	at com.kms.katalon.core.webui.keyword.builtin.RightClickKeyword.rightClick(RightClickKeyword.groovy:87)
	at com.kms.katalon.core.webui.keyword.builtin.RightClickKeyword.execute(RightClickKeyword.groovy:67)
	at com.kms.katalon.core.keyword.internal.KeywordExecutor.executeKeywordForPlatform(KeywordExecutor.groovy:74)
	at com.kms.katalon.core.webui.keyword.WebUiBuiltInKeywords.rightClick(WebUiBuiltInKeywords.groovy:752)
	at com.kms.katalon.core.webui.keyword.WebUiBuiltInKeywords$rightClick$6.call(Unknown Source)
	at Script1690585124305.run(Script1690585124305.groovy:36)
	... 16 more
)
[[ATTACHMENT|C:\\Users\\acer\\git\\webuiproject\\Reports\\20230801_152238\\TS-login\\TS-demo\\20230801_152238\\1690878958268.png]]]]></system-out>
         <system-err><![CDATA[2023-08-01 15:33:04 - [TEST_CASE][FAILED] - Test Cases/yg lain/Booking: Test Cases/yg lain/Booking FAILED.
Reason:
com.kms.katalon.core.exception.StepFailedException: Unable to right click on object 'Object Repository/Booking/Page_CURA Healthcare Service/a_Go to Homepage'
	at com.kms.katalon.core.webui.keyword.internal.WebUIKeywordMain.stepFailed(WebUIKeywordMain.groovy:64)
	at com.kms.katalon.core.webui.keyword.internal.WebUIKeywordMain.runKeyword(WebUIKeywordMain.groovy:26)
	at com.kms.katalon.core.webui.keyword.builtin.RightClickKeyword.rightClick(RightClickKeyword.groovy:87)
	at com.kms.katalon.core.webui.keyword.builtin.RightClickKeyword.execute(RightClickKeyword.groovy:67)
	at com.kms.katalon.core.keyword.internal.KeywordExecutor.executeKeywordForPlatform(KeywordExecutor.groovy:74)
	at com.kms.katalon.core.webui.keyword.WebUiBuiltInKeywords.rightClick(WebUiBuiltInKeywords.groovy:752)
	at com.kms.katalon.core.webui.keyword.WebUiBuiltInKeywords$rightClick$6.call(Unknown Source)
	at Booking.run(Booking:36)
	at com.kms.katalon.core.main.ScriptEngine.run(ScriptEngine.java:194)
	at com.kms.katalon.core.main.ScriptEngine.runScriptAsRawText(ScriptEngine.java:119)
	at com.kms.katalon.core.main.TestCaseExecutor.runScript(TestCaseExecutor.java:448)
	at com.kms.katalon.core.main.TestCaseExecutor.doExecute(TestCaseExecutor.java:439)
	at com.kms.katalon.core.main.TestCaseExecutor.processExecutionPhase(TestCaseExecutor.java:418)
	at com.kms.katalon.core.main.TestCaseExecutor.accessMainPhase(TestCaseExecutor.java:410)
	at com.kms.katalon.core.main.TestCaseExecutor.execute(TestCaseExecutor.java:285)
	at com.kms.katalon.core.main.TestCaseExecutor.execute(TestCaseExecutor.java:369)
	at com.kms.katalon.core.main.TestCaseExecutor.execute(TestCaseExecutor.java:369)
	at com.kms.katalon.core.main.TestCaseExecutor.execute(TestCaseExecutor.java:369)
	at com.kms.katalon.core.common.CommonExecutor.accessTestCaseMainPhase(CommonExecutor.java:65)
	at com.kms.katalon.core.main.TestSuiteExecutor.accessTestSuiteMainPhase(TestSuiteExecutor.java:148)
	at com.kms.katalon.core.main.TestSuiteExecutor.execute(TestSuiteExecutor.java:106)
	at com.kms.katalon.core.main.TestCaseMain.startTestSuite(TestCaseMain.java:187)
	at com.kms.katalon.core.main.TestCaseMain$startTestSuite$0.call(Unknown Source)
	at TempTestSuite1690878158238.run(TempTestSuite1690878158238.groovy:36)
Caused by: org.openqa.selenium.interactions.MoveTargetOutOfBoundsException: 
Build info: version: '3.141.59', revision: 'e82be7d358', time: '2018-11-14T08:25:53'
System info: host: 'ANEHSIALAN', ip: '192.168.221.170', os.name: 'Windows 11', os.arch: 'amd64', os.version: '10.0', java.version: '1.8.0_362'
Driver info: com.kms.katalon.selenium.driver.CRemoteWebDriver
Capabilities {LT:Options: {build: TestCloud Automated Test Se..., w3c: true}, acceptInsecureCerts: false, browserName: Safari, browserVersion: 16.1, javascriptEnabled: true, katalon:option: {apiKey: null, class: com.katalon.testcloud.grid...., deviceId: null, deviceVersion: null, group: null, organizationId: 1221524, runFromTestCloud: true, teamId: null, tenant: null, tunnelMetadataId: null, unlimitedExecutionMinutes: true, userId: 1278024, usingTunnel: false}, lambda:loadExtension: [https://prod-magicleap-user...], platform: MAC, platformName: MAC, proxy: Proxy(direct), requestId: c032a415-cfad-4c75-a183-18c..., safari:automaticInspection: false, safari:automaticProfiling: false, safari:diagnose: false, safari:platformBuildVersion: 22A380, safari:platformVersion: 13.0, safari:useSimulator: false, setWindowRect: true, strictFileInteractability: false, version: 16, webdriver.remote.sessionid: AB8265E8-1A4D-49D2-B40F-ABA..., webkit:WebRTC: {DisableICECandidateFiltering: false, DisableInsecureMediaCapture: false}}
Session ID: AB8265E8-1A4D-49D2-B40F-ABA1E77D6685
	at org.openqa.selenium.remote.http.W3CHttpResponseCodec.createException(W3CHttpResponseCodec.java:187)
	at org.openqa.selenium.remote.http.W3CHttpResponseCodec.decode(W3CHttpResponseCodec.java:122)
	at org.openqa.selenium.remote.http.W3CHttpResponseCodec.decode(W3CHttpResponseCodec.java:49)
	at org.openqa.selenium.remote.HttpCommandExecutor.execute(HttpCommandExecutor.java:158)
	at org.openqa.selenium.remote.RemoteWebDriver.execute(RemoteWebDriver.java:552)
	at com.kms.katalon.selenium.driver.CRemoteWebDriver.execute(CRemoteWebDriver.java:30)
	at org.openqa.selenium.remote.RemoteWebDriver.perform(RemoteWebDriver.java:618)
	at org.openqa.selenium.support.events.EventFiringWebDriver.lambda$new$1(EventFiringWebDriver.java:105)
	at com.sun.proxy.$Proxy10.perform(Unknown Source)
	at org.openqa.selenium.support.events.EventFiringWebDriver.perform(EventFiringWebDriver.java:360)
	at org.openqa.selenium.interactions.Actions$BuiltAction.perform(Actions.java:639)
	at com.kms.katalon.core.webui.keyword.builtin.RightClickKeyword$_rightClick_closure1.doCall(RightClickKeyword.groovy:80)
	at com.kms.katalon.core.webui.keyword.builtin.RightClickKeyword$_rightClick_closure1.call(RightClickKeyword.groovy)
	at com.kms.katalon.core.webui.keyword.internal.WebUIKeywordMain.runKeyword(WebUIKeywordMain.groovy:20)
	... 22 more]]></system-err>
      </testcase>
      <testcase name="Test Cases/yg lain/Login n Booking" time="126.19" classname="Test Cases/yg lain/Login n Booking" status="PASSED">
         <system-out><![CDATA[2023-08-01 15:36:06 - [TEST_CASE][PASSED] - Test Cases/yg lain/Login n Booking: Test Cases/yg lain/Login n Booking

2023-08-01 15:36:06 - [TEST_STEP][PASSED] - openBrowser(""): Browser is opened with url: ''

2023-08-01 15:36:06 - [MESSAGE][WARNING] - A browser is already opened. Closing browser and opening a new one

2023-08-01 15:36:08 - [MESSAGE][INFO] - User set preference: ['os', 'macos']

2023-08-01 15:36:08 - [MESSAGE][INFO] - User set preference: ['browserName', 'safari']

2023-08-01 15:36:08 - [MESSAGE][INFO] - User set preference: ['browserVersion', '16']

2023-08-01 15:36:08 - [MESSAGE][INFO] - User set preference: ['katalon:option', '{organizationId=1221524, tunnelId=, usingTunnel=false}']

2023-08-01 15:36:08 - [MESSAGE][INFO] - Connecting to remote web server 'testcloud.katalon.com/hub' with type 'Selenium'

2023-08-01 15:36:08 - [MESSAGE][INFO] - Action delay is set to 1,000 milliseconds

2023-08-01 15:36:58 - [MESSAGE][PASSED] - Browser is opened with url: ''

2023-08-01 15:36:58 - [TEST_STEP][PASSED] - navigateToUrl("https://katalon-demo-cura.herokuapp.com/"): Navigate to 'https://katalon-demo-cura.herokuapp.com/' successfully

2023-08-01 15:37:01 - [MESSAGE][PASSED] - Navigate to 'https://katalon-demo-cura.herokuapp.com/' successfully

2023-08-01 15:37:01 - [TEST_STEP][PASSED] - verifyElementText(findTestObject("Object Repository/Login-Booking/Page_CURA Healthcare Service/h1_CURA Healthcare Service"), "CURA Healthcare Service"): Actual text and expected text of test object 'Object Repository/Login-Booking/Page_CURA Healthcare Service/h1_CURA Healthcare Service' are matched.

2023-08-01 15:37:04 - [MESSAGE][PASSED] - Actual text and expected text of test object 'Object Repository/Login-Booking/Page_CURA Healthcare Service/h1_CURA Healthcare Service' are matched.

2023-08-01 15:37:04 - [TEST_STEP][PASSED] - verifyElementText(findTestObject("Object Repository/Login-Booking/Page_CURA Healthcare Service/a_Make Appointment"), "Make Appointment"): Actual text and expected text of test object 'Object Repository/Login-Booking/Page_CURA Healthcare Service/a_Make Appointment' are matched.

2023-08-01 15:37:07 - [MESSAGE][PASSED] - Actual text and expected text of test object 'Object Repository/Login-Booking/Page_CURA Healthcare Service/a_Make Appointment' are matched.

2023-08-01 15:37:07 - [TEST_STEP][PASSED] - click(findTestObject("Object Repository/Login-Booking/Page_CURA Healthcare Service/a_Make Appointment")): Object: 'Object Repository/Login-Booking/Page_CURA Healthcare Service/a_Make Appointment' is clicked on

2023-08-01 15:37:11 - [MESSAGE][PASSED] - Object: 'Object Repository/Login-Booking/Page_CURA Healthcare Service/a_Make Appointment' is clicked on

2023-08-01 15:37:11 - [TEST_STEP][PASSED] - setText(findTestObject("Object Repository/Login-Booking/Page_CURA Healthcare Service/input_Username_username"), "John Doe"): Text 'John Doe' is set on object 'Object Repository/Login-Booking/Page_CURA Healthcare Service/input_Username_username'

2023-08-01 15:37:19 - [MESSAGE][PASSED] - Text 'John Doe' is set on object 'Object Repository/Login-Booking/Page_CURA Healthcare Service/input_Username_username'

2023-08-01 15:37:19 - [TEST_STEP][PASSED] - setEncryptedText(findTestObject("Object Repository/Login-Booking/Page_CURA Healthcare Service/input_Password_password"), "g3/DOGG74jC3Flrr3yH+3D/yKbOqqUNM"): Text ****** has been set on object 'Object Repository/Login-Booking/Page_CURA Healthcare Service/input_Password_password'

2023-08-01 15:37:25 - [MESSAGE][PASSED] - Text ****** has been set on object 'Object Repository/Login-Booking/Page_CURA Healthcare Service/input_Password_password'

2023-08-01 15:37:25 - [TEST_STEP][PASSED] - sendKeys(findTestObject("Object Repository/Login-Booking/Page_CURA Healthcare Service/input_Password_password"), Keys.chord(ENTER)): Keys 'ENTER + ' sent to object: 'Object Repository/Login-Booking/Page_CURA Healthcare Service/input_Password_password'

2023-08-01 15:37:29 - [MESSAGE][PASSED] - Keys 'ENTER + ' sent to object: 'Object Repository/Login-Booking/Page_CURA Healthcare Service/input_Password_password'

2023-08-01 15:37:29 - [TEST_STEP][PASSED] - click(findTestObject("Object Repository/Login-Booking/Page_CURA Healthcare Service/label_Apply for hospital readmission")): Object: 'Object Repository/Login-Booking/Page_CURA Healthcare Service/label_Apply for hospital readmission' is clicked on

2023-08-01 15:37:33 - [MESSAGE][PASSED] - Object: 'Object Repository/Login-Booking/Page_CURA Healthcare Service/label_Apply for hospital readmission' is clicked on

2023-08-01 15:37:33 - [TEST_STEP][PASSED] - click(findTestObject("Object Repository/Login-Booking/Page_CURA Healthcare Service/label_None")): Object: 'Object Repository/Login-Booking/Page_CURA Healthcare Service/label_None' is clicked on

2023-08-01 15:37:37 - [MESSAGE][PASSED] - Object: 'Object Repository/Login-Booking/Page_CURA Healthcare Service/label_None' is clicked on

2023-08-01 15:37:37 - [TEST_STEP][PASSED] - click(findTestObject("Object Repository/Login-Booking/Page_CURA Healthcare Service/input_Medicaid_programs")): Object: 'Object Repository/Login-Booking/Page_CURA Healthcare Service/input_Medicaid_programs' is clicked on

2023-08-01 15:37:40 - [MESSAGE][PASSED] - Object: 'Object Repository/Login-Booking/Page_CURA Healthcare Service/input_Medicaid_programs' is clicked on

2023-08-01 15:37:40 - [TEST_STEP][PASSED] - click(findTestObject("Object Repository/Login-Booking/Page_CURA Healthcare Service/input_Visit Date (Required)_visit_date")): Object: 'Object Repository/Login-Booking/Page_CURA Healthcare Service/input_Visit Date (Required)_visit_date' is clicked on

2023-08-01 15:37:44 - [MESSAGE][PASSED] - Object: 'Object Repository/Login-Booking/Page_CURA Healthcare Service/input_Visit Date (Required)_visit_date' is clicked on

2023-08-01 15:37:44 - [TEST_STEP][PASSED] - click(findTestObject("Object Repository/Login-Booking/Page_CURA Healthcare Service/td_30")): Object: 'Object Repository/Login-Booking/Page_CURA Healthcare Service/td_30' is clicked on

2023-08-01 15:37:48 - [MESSAGE][PASSED] - Object: 'Object Repository/Login-Booking/Page_CURA Healthcare Service/td_30' is clicked on

2023-08-01 15:37:48 - [TEST_STEP][PASSED] - click(findTestObject("Object Repository/Login-Booking/Page_CURA Healthcare Service/td_31")): Object: 'Object Repository/Login-Booking/Page_CURA Healthcare Service/td_31' is clicked on

2023-08-01 15:37:52 - [MESSAGE][PASSED] - Object: 'Object Repository/Login-Booking/Page_CURA Healthcare Service/td_31' is clicked on

2023-08-01 15:37:52 - [TEST_STEP][PASSED] - setText(findTestObject("Object Repository/Login-Booking/Page_CURA Healthcare Service/textarea_Comment_comment"), "sakit nih"): Text 'sakit nih' is set on object 'Object Repository/Login-Booking/Page_CURA Healthcare Service/textarea_Comment_comment'

2023-08-01 15:38:00 - [MESSAGE][PASSED] - Text 'sakit nih' is set on object 'Object Repository/Login-Booking/Page_CURA Healthcare Service/textarea_Comment_comment'

2023-08-01 15:38:00 - [TEST_STEP][PASSED] - click(findTestObject("Object Repository/Login-Booking/Page_CURA Healthcare Service/button_Book Appointment")): Object: 'Object Repository/Login-Booking/Page_CURA Healthcare Service/button_Book Appointment' is clicked on

2023-08-01 15:38:03 - [MESSAGE][PASSED] - Object: 'Object Repository/Login-Booking/Page_CURA Healthcare Service/button_Book Appointment' is clicked on

2023-08-01 15:38:03 - [TEST_STEP][PASSED] - verifyElementText(findTestObject("Object Repository/Login-Booking/Page_CURA Healthcare Service/h2_Appointment Confirmation"), "Appointment Confirmation"): Actual text and expected text of test object 'Object Repository/Login-Booking/Page_CURA Healthcare Service/h2_Appointment Confirmation' are matched.

2023-08-01 15:38:06 - [MESSAGE][PASSED] - Actual text and expected text of test object 'Object Repository/Login-Booking/Page_CURA Healthcare Service/h2_Appointment Confirmation' are matched.

2023-08-01 15:38:06 - [TEST_STEP][PASSED] - verifyElementText(findTestObject("Object Repository/Login-Booking/Page_CURA Healthcare Service/p_Tokyo CURA Healthcare Center"), "Tokyo CURA Healthcare Center"): Actual text and expected text of test object 'Object Repository/Login-Booking/Page_CURA Healthcare Service/p_Tokyo CURA Healthcare Center' are matched.

2023-08-01 15:38:09 - [MESSAGE][PASSED] - Actual text and expected text of test object 'Object Repository/Login-Booking/Page_CURA Healthcare Service/p_Tokyo CURA Healthcare Center' are matched.

2023-08-01 15:38:09 - [TEST_STEP][PASSED] - click(findTestObject("Object Repository/Login-Booking/Page_CURA Healthcare Service/a_Go to Homepage")): Object: 'Object Repository/Login-Booking/Page_CURA Healthcare Service/a_Go to Homepage' is clicked on

2023-08-01 15:38:12 - [MESSAGE][PASSED] - Object: 'Object Repository/Login-Booking/Page_CURA Healthcare Service/a_Go to Homepage' is clicked on]]></system-out>
         <system-err><![CDATA[]]></system-err>
      </testcase>
      <system-out><![CDATA[2023-08-01 15:22:49 - [TEST_SUITE][FAILED] - TS-demo: Test Cases/yg lain/Booking FAILED.
Reason:
com.kms.katalon.core.exception.StepFailedException: Verify element text of test object 'Object Repository/Booking/Page_CURA Healthcare Service/h2_Appointment Confirmation' FAILED.
	at com.kms.katalon.core.webui.keyword.internal.WebUIKeywordMain.stepFailed(WebUIKeywordMain.groovy:64)
	at com.kms.katalon.core.webui.keyword.internal.WebUIKeywordMain.runKeyword(WebUIKeywordMain.groovy:26)
	at com.kms.katalon.core.webui.keyword.builtin.VerifyElementTextKeyword.verifyElementText(VerifyElementTextKeyword.groovy:72)
	at com.kms.katalon.core.webui.keyword.builtin.VerifyElementTextKeyword.execute(VerifyElementTextKeyword.groovy:40)
	at com.kms.katalon.core.keyword.internal.KeywordExecutor.executeKeywordForPlatform(KeywordExecutor.groovy:74)
	at com.kms.katalon.core.webui.keyword.WebUiBuiltInKeywords.verifyElementText(WebUiBuiltInKeywords.groovy:4749)
	at com.kms.katalon.core.webui.keyword.WebUiBuiltInKeywords$verifyElementText$7.call(Unknown Source)
	at Booking.run(Booking:40)
	at com.kms.katalon.core.main.ScriptEngine.run(ScriptEngine.java:194)
	at com.kms.katalon.core.main.ScriptEngine.runScriptAsRawText(ScriptEngine.java:119)
	at com.kms.katalon.core.main.TestCaseExecutor.runScript(TestCaseExecutor.java:448)
	at com.kms.katalon.core.main.TestCaseExecutor.doExecute(TestCaseExecutor.java:439)
	at com.kms.katalon.core.main.TestCaseExecutor.processExecutionPhase(TestCaseExecutor.java:418)
	at com.kms.katalon.core.main.TestCaseExecutor.accessMainPhase(TestCaseExecutor.java:410)
	at com.kms.katalon.core.main.TestCaseExecutor.execute(TestCaseExecutor.java:285)
	at com.kms.katalon.core.common.CommonExecutor.accessTestCaseMainPhase(CommonExecutor.java:65)
	at com.kms.katalon.core.main.TestSuiteExecutor.accessTestSuiteMainPhase(TestSuiteExecutor.java:148)
	at com.kms.katalon.core.main.TestSuiteExecutor.execute(TestSuiteExecutor.java:106)
	at com.kms.katalon.core.main.TestCaseMain.startTestSuite(TestCaseMain.java:187)
	at com.kms.katalon.core.main.TestCaseMain$startTestSuite$0.call(Unknown Source)
	at TempTestSuite1690878158238.run(TempTestSuite1690878158238.groovy:36)
Caused by: com.kms.katalon.core.exception.StepFailedException: Actual text 'Make Appointment' and expected text 'Appointment Confirmation' of test object 'Object Repository/Booking/Page_CURA Healthcare Service/h2_Appointment Confirmation' are NOT matched.
	at com.kms.katalon.core.webui.keyword.internal.WebUIKeywordMain.stepFailed(WebUIKeywordMain.groovy:64)
	at com.kms.katalon.core.webui.keyword.builtin.VerifyElementTextKeyword$_verifyElementText_closure1.doCall(VerifyElementTextKeyword.groovy:57)
	at com.kms.katalon.core.webui.keyword.builtin.VerifyElementTextKeyword$_verifyElementText_closure1.call(VerifyElementTextKeyword.groovy)
	at com.kms.katalon.core.webui.keyword.internal.WebUIKeywordMain.runKeyword(WebUIKeywordMain.groovy:20)
	... 19 more]]></system-out>
      <system-err><![CDATA[2023-08-01 15:22:49 - [TEST_SUITE][FAILED] - TS-demo: Test Cases/yg lain/Booking FAILED.
Reason:
com.kms.katalon.core.exception.StepFailedException: Verify element text of test object 'Object Repository/Booking/Page_CURA Healthcare Service/h2_Appointment Confirmation' FAILED.
	at com.kms.katalon.core.webui.keyword.internal.WebUIKeywordMain.stepFailed(WebUIKeywordMain.groovy:64)
	at com.kms.katalon.core.webui.keyword.internal.WebUIKeywordMain.runKeyword(WebUIKeywordMain.groovy:26)
	at com.kms.katalon.core.webui.keyword.builtin.VerifyElementTextKeyword.verifyElementText(VerifyElementTextKeyword.groovy:72)
	at com.kms.katalon.core.webui.keyword.builtin.VerifyElementTextKeyword.execute(VerifyElementTextKeyword.groovy:40)
	at com.kms.katalon.core.keyword.internal.KeywordExecutor.executeKeywordForPlatform(KeywordExecutor.groovy:74)
	at com.kms.katalon.core.webui.keyword.WebUiBuiltInKeywords.verifyElementText(WebUiBuiltInKeywords.groovy:4749)
	at com.kms.katalon.core.webui.keyword.WebUiBuiltInKeywords$verifyElementText$7.call(Unknown Source)
	at Booking.run(Booking:40)
	at com.kms.katalon.core.main.ScriptEngine.run(ScriptEngine.java:194)
	at com.kms.katalon.core.main.ScriptEngine.runScriptAsRawText(ScriptEngine.java:119)
	at com.kms.katalon.core.main.TestCaseExecutor.runScript(TestCaseExecutor.java:448)
	at com.kms.katalon.core.main.TestCaseExecutor.doExecute(TestCaseExecutor.java:439)
	at com.kms.katalon.core.main.TestCaseExecutor.processExecutionPhase(TestCaseExecutor.java:418)
	at com.kms.katalon.core.main.TestCaseExecutor.accessMainPhase(TestCaseExecutor.java:410)
	at com.kms.katalon.core.main.TestCaseExecutor.execute(TestCaseExecutor.java:285)
	at com.kms.katalon.core.common.CommonExecutor.accessTestCaseMainPhase(CommonExecutor.java:65)
	at com.kms.katalon.core.main.TestSuiteExecutor.accessTestSuiteMainPhase(TestSuiteExecutor.java:148)
	at com.kms.katalon.core.main.TestSuiteExecutor.execute(TestSuiteExecutor.java:106)
	at com.kms.katalon.core.main.TestCaseMain.startTestSuite(TestCaseMain.java:187)
	at com.kms.katalon.core.main.TestCaseMain$startTestSuite$0.call(Unknown Source)
	at TempTestSuite1690878158238.run(TempTestSuite1690878158238.groovy:36)
Caused by: com.kms.katalon.core.exception.StepFailedException: Actual text 'Make Appointment' and expected text 'Appointment Confirmation' of test object 'Object Repository/Booking/Page_CURA Healthcare Service/h2_Appointment Confirmation' are NOT matched.
	at com.kms.katalon.core.webui.keyword.internal.WebUIKeywordMain.stepFailed(WebUIKeywordMain.groovy:64)
	at com.kms.katalon.core.webui.keyword.builtin.VerifyElementTextKeyword$_verifyElementText_closure1.doCall(VerifyElementTextKeyword.groovy:57)
	at com.kms.katalon.core.webui.keyword.builtin.VerifyElementTextKeyword$_verifyElementText_closure1.call(VerifyElementTextKeyword.groovy)
	at com.kms.katalon.core.webui.keyword.internal.WebUIKeywordMain.runKeyword(WebUIKeywordMain.groovy:20)
	... 19 more]]></system-err>
   </testsuite>
</testsuites>
